<?xml version="1.0" encoding="UTF-8" ?>
<testsuite tests="16" failures="0" name="com.cucumber.CucumberTest" time="0.016" errors="0" skipped="0">
  <properties>
[...]
</properties>
  <testcase classname="Scenario: Positive scenario with correct username and password" name="Given The correct username and password" time="0.016"/>
  <testcase classname="Scenario: Positive scenario with correct username and password" name="When username as &quot;xyz.abc&quot; and password as &quot;pqrs1234&quot;" time="0"/>
  <testcase classname="Scenario: Positive scenario with correct username and password" name="Then the response  is &quot;Correct Username and Password&quot;" time="0"/>
  <testcase classname="Scenario: Positive scenario with correct username and password" name="Scenario: Positive scenario with correct username and password" time="0"/>
  <testcase classname="Scenario: Invalid password" name="Given The correct username and invalid password" time="0"/>
  <testcase classname="Scenario: Invalid password" name="When username as &quot;xyz.abc&quot; and invalid password as &quot;nv12&quot;" time="0"/>
  <testcase classname="Scenario: Invalid password" name="Then the response  is &quot;Correct&quot; Username and &quot;Incorrect&quot; Password" time="0"/>
  <testcase classname="Scenario: Invalid password" name="Scenario: Invalid password" time="0"/>
  <testcase classname="Scenario: Invalid username" name="Given The incorrect username and valid password" time="0"/>
  <testcase classname="Scenario: Invalid username" name="When invalid username as &quot;abc&quot; and valid password as &quot;pqrs1234&quot;" time="0"/>
  <testcase classname="Scenario: Invalid username" name="Then the response is username is invalid &quot;Invalid username&quot;" time="0"/>
  <testcase classname="Scenario: Invalid username" name="Scenario: Invalid username" time="0"/>
  <testcase classname="Scenario: Invalid username and password" name="Given The incorrect username and invalid password" time="0"/>
  <testcase classname="Scenario: Invalid username and password" name="When invalid username as &quot;abc&quot; and invalid password as &quot;nv12&quot;" time="0"/>
  <testcase classname="Scenario: Invalid username and password" name="Then the response is both username and password is invalid &quot;Invalid username and password&quot;" time="0"/>
  <testcase classname="Scenario: Invalid username and password" name="Scenario: Invalid username and password" time="0"/>
</testsuite>